<?xml version="1.0" encoding="UTF-8"?>
<!-- Generated by org.testng.reporters.JUnitReportReporter -->
<testsuite skipped="0" hostname="LAPTOP-T3UANJN2" name="com.nopcommerce.demo.testsuite.ComputerTest" tests="1" failures="0" timestamp="2022-12-13T18:02:22 GMT" time="5.844" errors="0">
  <testcase name="verifyProductArrangeInAlphaBaticalOrder" time="5.844" classname="com.nopcommerce.demo.testsuite.ComputerTest"/>
  <system-out>
    <![CDATA[Click on Desktop[[ChromeDriver: chrome on WINDOWS (d1edf14cd9e9e0823ef0d0c6c2ffa010)] -> link text: Desktops]
Select by nameName: Z to A to name field [[ChromeDriver: chrome on WINDOWS (d1edf14cd9e9e0823ef0d0c6c2ffa010)] -> name: products-orderby]]]>
  </system-out>
</testsuite> <!-- com.nopcommerce.demo.testsuite.ComputerTest -->
